<?xml version="1.0" encoding="UTF-8"?>
<!-- Generated by org.testng.reporters.JUnitReportReporter -->
<testsuite skipped="0" hostname="ANIL-PC" name="testcases.TestCase1" tests="1" failures="0" timestamp="2019-10-15T22:03:39 IST" time="12.380" errors="0">
  <testcase name="testCityTemprature" time="12.380" classname="testcases.TestCase1"/>
</testsuite> <!-- testcases.TestCase1 -->
